2024-09-16 22:51:33 [fd:6] [INFO]	client connect
2024-09-16 22:51:35 [fd:6] [INFO]	client login success
2024-09-16 22:51:40 [fd:6] [INFO]	cd ../resource 
2024-09-16 22:51:43 [fd:6] [INFO]	gets file 
2024-09-16 22:51:53 [fd:6] [INFO]	client exit
2024-09-16 22:52:00 [fd:6] [INFO]	client connect
2024-09-16 22:52:02 [fd:6] [INFO]	client login success
2024-09-16 22:52:07 [fd:6] [INFO]	cd ../resource 
2024-09-16 22:54:47 [fd:6] [INFO]	client connect
2024-09-16 22:54:50 [fd:6] [INFO]	client login success
2024-09-16 22:54:55 [fd:6] [INFO]	cd ../resource 
2024-09-16 22:54:59 [fd:6] [INFO]	gets file 
2024-09-16 22:55:04 [fd:6] [INFO]	client exit
2024-09-16 22:56:33 [fd:6] [INFO]	client connect
2024-09-16 22:56:37 [fd:6] [INFO]	client login success
2024-09-16 22:56:50 [fd:6] [INFO]	cd ../resource 
2024-09-16 23:08:32 [fd:6] [INFO]	client connect
2024-09-16 23:08:37 [fd:6] [INFO]	client login success
2024-09-16 23:08:38 [fd:6] [INFO]	client exit
2024-09-16 23:10:19 [fd:6] [INFO]	client connect
2024-09-16 23:10:22 [fd:6] [INFO]	client login success
2024-09-16 23:10:33 [fd:6] [INFO]	cd ../resource 
2024-09-16 23:13:43 [fd:6] [INFO]	client connect
2024-09-16 23:13:46 [fd:6] [INFO]	client login success
2024-09-16 23:13:51 [fd:6] [INFO]	cd ../resource 
2024-09-16 23:26:18 [fd:6] [INFO]	client connect
2024-09-16 23:26:20 [fd:6] [INFO]	client login success
2024-09-16 23:26:33 [fd:6] [INFO]	cd ../resource 
2024-09-16 23:26:34 [fd:6] [INFO]	ls 
2024-09-16 23:26:40 [fd:6] [INFO]	gets file 
2024-09-16 23:26:56 [fd:6] [INFO]	client connect
2024-09-16 23:27:00 [fd:6] [INFO]	client login success
2024-09-16 23:27:07 [fd:6] [INFO]	cd ../resource 
2024-09-16 23:27:08 [fd:6] [INFO]	ls 
2024-09-16 23:27:14 [fd:6] [INFO]	gets file 
2024-09-16 23:27:20 [fd:6] [INFO]	client exit
2024-09-16 23:42:15 [fd:6] [INFO]	client connect
2024-09-16 23:42:18 [fd:6] [INFO]	client login success
2024-09-16 23:42:26 [fd:6] [INFO]	cd ../resource 
2024-09-16 23:42:30 [fd:6] [INFO]	gets file 
2024-09-16 23:42:31 [fd:6] [ERROR]	client erupt
2024-09-16 23:42:34 [fd:6] [INFO]	client connect
2024-09-16 23:42:37 [fd:6] [INFO]	client login success
2024-09-16 23:42:45 [fd:6] [INFO]	cd ../resource 
2024-09-16 23:42:49 [fd:6] [INFO]	gets file 
2024-09-16 23:42:56 [fd:6] [INFO]	ls 
2024-09-16 23:43:02 [fd:6] [INFO]	cd .. 
2024-09-16 23:43:02 [fd:6] [INFO]	ls 
2024-09-16 23:43:05 [fd:6] [INFO]	cd .. 
2024-09-16 23:43:06 [fd:6] [INFO]	ls 
2024-09-16 23:43:09 [fd:6] [INFO]	mkdir test 
2024-09-16 23:43:13 [fd:6] [INFO]	cd test 
2024-09-16 23:43:14 [fd:6] [INFO]	ls 
2024-09-16 23:43:20 [fd:6] [INFO]	puts file 
2024-09-16 23:48:05 [fd:6] [INFO]	client connect
2024-09-16 23:48:08 [fd:6] [INFO]	client login success
2024-09-16 23:48:10 [fd:6] [INFO]	cd .. 
2024-09-16 23:48:12 [fd:6] [INFO]	cd .. 
2024-09-16 23:48:12 [fd:6] [ERROR]	ll 
2024-09-16 23:48:14 [fd:6] [INFO]	ls 
2024-09-16 23:48:16 [fd:6] [INFO]	cd test 
2024-09-16 23:48:17 [fd:6] [INFO]	ls 
2024-09-16 23:48:20 [fd:6] [INFO]	rm file 
2024-09-16 23:48:21 [fd:6] [INFO]	ls 
2024-09-16 23:48:24 [fd:6] [INFO]	puts file 
2024-09-16 23:49:24 [fd:6] [INFO]	client connect
2024-09-16 23:49:26 [fd:6] [INFO]	client login success
2024-09-16 23:49:28 [fd:6] [INFO]	cd .. 
2024-09-16 23:49:29 [fd:6] [INFO]	cd .. 
2024-09-16 23:49:30 [fd:6] [INFO]	ls 
2024-09-16 23:49:32 [fd:6] [INFO]	cd test 
2024-09-16 23:49:35 [fd:6] [INFO]	ls 
2024-09-16 23:49:37 [fd:6] [INFO]	rm fi	 
2024-09-16 23:49:41 [fd:6] [INFO]	ls 
2024-09-16 23:49:43 [fd:6] [INFO]	rm file 
2024-09-16 23:49:53 [fd:6] [INFO]	puts file 
2024-09-16 23:50:00 [fd:6] [INFO]	ls 
2024-09-16 23:50:03 [fd:6] [INFO]	rm file 
2024-09-16 23:50:05 [fd:6] [INFO]	ls 
2024-09-16 23:50:08 [fd:6] [INFO]	puts file 
2024-09-16 23:52:10 [fd:6] [INFO]	client connect
2024-09-16 23:52:12 [fd:6] [INFO]	client login success
2024-09-16 23:52:14 [fd:6] [INFO]	cd .. 
2024-09-16 23:52:15 [fd:6] [INFO]	cd .. 
2024-09-16 23:52:15 [fd:6] [INFO]	ls 
2024-09-16 23:52:18 [fd:6] [INFO]	cd test 
2024-09-16 23:52:18 [fd:6] [INFO]	ls 
2024-09-16 23:52:22 [fd:6] [INFO]	rm file 
2024-09-16 23:52:25 [fd:6] [INFO]	puts file 
2024-09-16 23:55:31 [fd:6] [INFO]	client connect
2024-09-16 23:55:33 [fd:6] [INFO]	client login success
2024-09-16 23:55:34 [fd:6] [INFO]	cd .. 
2024-09-16 23:55:36 [fd:6] [INFO]	cd .. 
2024-09-16 23:55:38 [fd:6] [INFO]	cd test 
2024-09-16 23:55:39 [fd:6] [INFO]	ls 
2024-09-16 23:55:41 [fd:6] [INFO]	rm file 
2024-09-16 23:55:46 [fd:6] [INFO]	puts file 
2024-09-16 23:55:51 [fd:6] [INFO]	ls 
2024-09-16 23:55:53 [fd:6] [INFO]	rm file 
2024-09-16 23:55:56 [fd:6] [INFO]	puts file 
2024-09-17 09:22:59 [fd:6] [INFO]	client connect
2024-09-17 09:23:03 [fd:6] [INFO]	client login success
2024-09-17 09:23:12 [fd:6] [INFO]	cd ../resource 
2024-09-17 09:23:14 [fd:6] [INFO]	ls 
2024-09-17 09:23:18 [fd:6] [INFO]	client exit
2024-09-17 09:23:24 [fd:6] [INFO]	client connect
2024-09-17 09:23:27 [fd:6] [INFO]	client login success
2024-09-17 09:23:33 [fd:6] [INFO]	cd ../resource 
2024-09-17 09:23:34 [fd:6] [INFO]	ls 
2024-09-17 09:23:38 [fd:6] [INFO]	gets file 
2024-09-17 09:23:39 [fd:6] [ERROR]	client erupt
2024-09-17 09:23:53 [fd:6] [INFO]	client connect
2024-09-17 09:23:56 [fd:6] [INFO]	client login success
2024-09-17 09:24:00 [fd:6] [INFO]	cd ../resource 
2024-09-17 09:24:09 [fd:6] [INFO]	ls 
2024-09-17 09:24:12 [fd:6] [INFO]	gets file 
2024-09-17 09:24:44 [fd:6] [INFO]	ls 
2024-09-17 09:24:49 [fd:6] [INFO]	client exit
2024-09-17 09:24:54 [fd:6] [INFO]	client connect
2024-09-17 09:24:56 [fd:6] [INFO]	client login success
2024-09-17 09:25:32 [fd:6] [INFO]	cd ../resource 
2024-09-17 09:25:32 [fd:6] [INFO]	ls 
2024-09-17 09:25:35 [fd:6] [INFO]	rm file 
2024-09-17 09:25:38 [fd:6] [INFO]	ls 
2024-09-17 09:25:41 [fd:6] [INFO]	puts file 
2024-09-17 09:28:40 [fd:6] [INFO]	client connect
2024-09-17 09:28:43 [fd:6] [INFO]	client login success
2024-09-17 09:28:47 [fd:6] [INFO]	cd ../resource 
2024-09-17 09:28:48 [fd:6] [INFO]	ls 
2024-09-17 09:28:56 [fd:6] [INFO]	rm file 
2024-09-17 09:28:57 [fd:6] [INFO]	ls 
2024-09-17 09:29:03 [fd:6] [INFO]	puts file 
2024-09-17 09:30:57 [fd:6] [INFO]	client connect
2024-09-17 09:30:59 [fd:6] [INFO]	client login success
2024-09-17 09:31:04 [fd:6] [INFO]	cd ../resource 
2024-09-17 09:31:05 [fd:6] [INFO]	ls 
2024-09-17 09:31:09 [fd:6] [INFO]	rm file 
2024-09-17 09:31:10 [fd:6] [INFO]	ls 
2024-09-17 09:31:17 [fd:6] [INFO]	puts file 
2024-09-17 09:31:18 [fd:6] [ERROR]	client erupt
2024-09-17 09:31:40 [fd:6] [INFO]	client connect
2024-09-17 09:31:42 [fd:6] [INFO]	client login success
2024-09-17 09:31:48 [fd:6] [INFO]	cd ../resource 
2024-09-17 09:31:54 [fd:6] [INFO]	puts file 
2024-09-17 11:07:59 [fd:6] [INFO]	client connect
2024-09-17 11:08:01 [fd:6] [INFO]	client login success
2024-09-17 11:08:03 [fd:6] [INFO]	ls 
2024-09-17 11:08:04 [fd:6] [INFO]	cd .. 
2024-09-17 11:08:05 [fd:6] [INFO]	ls 
2024-09-17 11:08:07 [fd:6] [INFO]	cd .. 
2024-09-17 11:08:07 [fd:6] [INFO]	ls 
2024-09-17 11:08:12 [fd:6] [INFO]	cd .. 
2024-09-17 11:08:14 [fd:6] [ERROR]	lls 
2024-09-17 11:08:14 [fd:6] [INFO]	ls 
2024-09-17 11:08:16 [fd:6] [INFO]	pwd 
2024-09-17 11:08:22 [fd:6] [INFO]	ls 
2024-09-17 11:08:32 [fd:6] [INFO]	client exit
2024-09-17 14:57:04 [fd:6] [INFO]	client connect
2024-09-17 14:57:07 [fd:6] [INFO]	client login success
2024-09-17 14:57:08 [fd:6] [INFO]	ls 
2024-09-17 14:57:11 [fd:6] [INFO]	cd .. 
2024-09-17 14:57:18 [fd:6] [INFO]	cd .. 
2024-09-17 14:57:20 [fd:6] [INFO]	ls 
2024-09-17 14:57:25 [fd:6] [INFO]	cd resource 
2024-09-17 14:57:26 [fd:6] [INFO]	ls 
2024-09-17 14:57:33 [fd:6] [INFO]	gets file 
2024-09-17 15:01:01 [fd:6] [INFO]	client connect
2024-09-17 15:01:04 [fd:6] [INFO]	client login success
2024-09-17 15:01:06 [fd:6] [INFO]	ls 
2024-09-17 15:01:08 [fd:6] [INFO]	cd .. 
2024-09-17 15:01:10 [fd:6] [INFO]	cd .. 
2024-09-17 15:01:12 [fd:6] [INFO]	ls 
2024-09-17 15:01:17 [fd:6] [INFO]	cd resource 
2024-09-17 15:01:19 [fd:6] [INFO]	ls 
2024-09-17 15:01:21 [fd:6] [INFO]	gets file 
2024-09-17 15:03:40 [fd:6] [INFO]	client connect
2024-09-17 15:03:42 [fd:6] [INFO]	client login success
2024-09-17 15:03:48 [fd:6] [INFO]	cd ../../.. 
2024-09-17 15:03:48 [fd:6] [INFO]	ls 
2024-09-17 15:03:57 [fd:6] [INFO]	cd NetDisk2 
2024-09-17 15:03:59 [fd:6] [INFO]	cd resource 
2024-09-17 15:04:00 [fd:6] [INFO]	ls 
2024-09-17 15:04:03 [fd:6] [INFO]	gets file 
2024-09-17 15:14:24 [fd:6] [INFO]	client connect
2024-09-17 15:14:25 [fd:6] [ERROR]	client login failed
2024-09-17 15:14:27 [fd:8] [INFO]	client connect
2024-09-17 15:14:29 [fd:8] [INFO]	client login success
2024-09-17 15:14:40 [fd:8] [INFO]	cd ../.. 
2024-09-17 15:14:41 [fd:8] [INFO]	ls 
2024-09-17 15:14:49 [fd:8] [INFO]	cd resource 
2024-09-17 15:14:50 [fd:8] [INFO]	ls 
2024-09-17 15:14:53 [fd:8] [INFO]	gets file 
2024-09-17 15:15:25 [fd:8] [INFO]	client exit
2024-09-17 15:20:10 [fd:6] [INFO]	client connect
2024-09-17 15:20:13 [fd:6] [INFO]	client login success
2024-09-17 15:20:16 [fd:6] [INFO]	ls 
2024-09-17 15:20:27 [fd:6] [INFO]	gets server 
2024-09-17 15:20:41 [fd:6] [INFO]	client exit
2024-09-17 15:21:02 [fd:6] [INFO]	client connect
2024-09-17 15:21:05 [fd:6] [ERROR]	client login failed
2024-09-17 15:21:06 [fd:9] [INFO]	client connect
2024-09-17 15:21:09 [fd:9] [INFO]	client login success
2024-09-17 15:21:11 [fd:9] [INFO]	ls 
2024-09-17 15:21:15 [fd:9] [INFO]	gets server 
2024-09-17 15:21:16 [fd:9] [INFO]	ls 
2024-09-17 15:21:17 [fd:9] [INFO]	cd .. 
2024-09-17 15:21:18 [fd:9] [INFO]	cd .. 
2024-09-17 15:21:21 [fd:9] [INFO]	cd resource 
2024-09-17 15:21:21 [fd:9] [INFO]	ls 
2024-09-17 15:21:25 [fd:9] [INFO]	gets file 
2024-09-17 15:21:46 [fd:9] [INFO]	client exit
2024-09-17 15:24:20 [fd:6] [INFO]	client connect
2024-09-17 15:24:22 [fd:6] [INFO]	client login success
2024-09-17 15:24:24 [fd:6] [INFO]	ls 
2024-09-17 15:24:26 [fd:6] [INFO]	cd .. 
2024-09-17 15:24:27 [fd:6] [INFO]	cd .. 
2024-09-17 15:24:30 [fd:6] [INFO]	cd resource 
2024-09-17 15:24:32 [fd:6] [INFO]	ls 
2024-09-17 15:24:34 [fd:6] [INFO]	gets file 
2024-09-17 15:26:55 [fd:6] [INFO]	client connect
2024-09-17 15:26:57 [fd:6] [INFO]	client login success
2024-09-17 15:26:59 [fd:6] [INFO]	ls 
2024-09-17 15:27:03 [fd:6] [INFO]	gets server 
2024-09-17 15:27:07 [fd:6] [INFO]	cd ../.. 
2024-09-17 15:27:07 [fd:6] [INFO]	ls 
2024-09-17 15:27:13 [fd:6] [INFO]	cd resource 
2024-09-17 15:27:17 [fd:6] [INFO]	gets file 
2024-09-17 15:27:41 [fd:6] [INFO]	client exit
2024-09-17 15:32:03 [fd:6] [INFO]	client connect
2024-09-17 15:32:05 [fd:6] [INFO]	client login success
2024-09-17 15:32:08 [fd:6] [INFO]	cd ../.. 
2024-09-17 15:32:12 [fd:6] [INFO]	cd resource 
2024-09-17 15:32:14 [fd:6] [INFO]	ls 
2024-09-17 15:32:16 [fd:6] [INFO]	gets file 
2024-09-17 15:32:42 [fd:6] [INFO]	client exit
2024-09-17 17:01:25 [fd:6] [INFO]	client connect
2024-09-17 17:01:28 [fd:6] [INFO]	client login success
2024-09-17 17:01:33 [fd:6] [INFO]	cd ../../resource 
2024-09-17 17:01:35 [fd:6] [INFO]	ls 
2024-09-17 17:01:39 [fd:6] [INFO]	gets file 
2024-09-17 17:07:32 [fd:6] [INFO]	client connect
2024-09-17 17:07:34 [fd:6] [INFO]	client login success
2024-09-17 17:07:39 [fd:6] [INFO]	cd ../../resource 
2024-09-17 17:07:42 [fd:6] [INFO]	gets file 
2024-09-17 17:07:57 [fd:6] [INFO]	client exit
2024-09-17 18:42:39 [fd:6] [INFO]	client connect
2024-09-17 18:42:42 [fd:6] [INFO]	client login success
2024-09-17 18:42:43 [fd:6] [INFO]	ls 
2024-09-17 18:42:46 [fd:6] [INFO]	cd .. 
2024-09-17 18:42:48 [fd:6] [INFO]	cd .. 
2024-09-17 18:42:49 [fd:6] [INFO]	pwd 
2024-09-17 18:42:52 [fd:6] [INFO]	ls 
2024-09-17 18:42:57 [fd:6] [INFO]	cd test 
2024-09-17 18:42:58 [fd:6] [INFO]	ls 
2024-09-17 18:43:05 [fd:6] [INFO]	puts client 
2024-09-17 18:43:07 [fd:6] [INFO]	ls 
2024-09-17 18:43:12 [fd:6] [INFO]	gets client 
2024-09-17 18:43:12 [fd:6] [INFO]	client exit
2024-09-17 22:04:47 [fd:6] [INFO]	client connect
2024-09-17 22:04:52 [fd:6] [INFO]	client login success
2024-09-17 22:04:53 [fd:6] [INFO]	ls 
2024-09-17 22:04:56 [fd:6] [INFO]	cd .. 
2024-09-17 22:04:57 [fd:6] [INFO]	pwd 
2024-09-17 22:04:58 [fd:6] [INFO]	ls 
2024-09-17 22:05:01 [fd:6] [INFO]	cd .. 
2024-09-17 22:05:01 [fd:6] [INFO]	ls 
2024-09-17 22:05:04 [fd:6] [INFO]	cd test 
2024-09-17 22:05:05 [fd:6] [INFO]	ls 
2024-09-17 22:05:07 [fd:6] [INFO]	mkdir 1 
2024-09-17 22:05:08 [fd:6] [INFO]	ls 
2024-09-17 22:05:09 [fd:6] [INFO]	rm 1 
2024-09-17 22:05:10 [fd:6] [INFO]	ls 
2024-09-17 22:05:23 [fd:6] [INFO]	cd .. 
2024-09-17 22:05:24 [fd:6] [INFO]	ls 
2024-09-17 22:05:35 [fd:6] [INFO]	cd server 
2024-09-17 22:05:36 [fd:6] [INFO]	ls 
2024-09-17 22:05:38 [fd:6] [INFO]	cd bin 
2024-09-17 22:05:39 [fd:6] [INFO]	ls 
2024-09-17 22:05:44 [fd:6] [INFO]	gets server 
2024-09-17 22:05:53 [fd:6] [INFO]	client exit
2024-09-17 22:06:37 [fd:6] [INFO]	client connect
2024-09-17 22:06:40 [fd:6] [INFO]	client login success
2024-09-17 22:06:48 [fd:6] [INFO]	cd ../../resource 
2024-09-17 22:06:50 [fd:6] [INFO]	ls 
2024-09-17 22:06:53 [fd:6] [INFO]	gets file 
2024-09-17 22:06:59 [fd:6] [INFO]	qui 
2024-09-17 22:06:59 [fd:6] [ERROR]	Invalid command
2024-09-17 22:07:01 [fd:6] [INFO]	client exit
2024-09-17 22:46:33 [fd:6] [INFO]	client connect
2024-09-17 22:46:35 [fd:6] [INFO]	client login success
2024-09-17 22:46:37 [fd:6] [INFO]	ls 
2024-09-17 22:46:39 [fd:6] [INFO]	cd .. 
2024-09-17 22:46:47 [fd:6] [INFO]	cd .. 
2024-09-17 22:46:49 [fd:6] [INFO]	ls 
2024-09-17 22:46:50 [fd:6] [INFO]	pwd 
2024-09-17 22:46:56 [fd:6] [INFO]	cd .. 
2024-09-17 22:46:56 [fd:6] [INFO]	ls 
2024-09-17 22:46:58 [fd:6] [INFO]	cd .. 
2024-09-17 22:46:58 [fd:6] [INFO]	ls 
2024-09-17 22:47:08 [fd:6] [INFO]	cd Program 
2024-09-17 22:47:09 [fd:6] [INFO]	ls 
2024-09-17 22:47:19 [fd:6] [INFO]	cd NetDisk2 
2024-09-17 22:47:20 [fd:6] [INFO]	ls 
2024-09-17 22:47:22 [fd:6] [INFO]	cd test 
2024-09-17 22:47:22 [fd:6] [INFO]	ls 
2024-09-17 22:47:26 [fd:6] [INFO]	mkdir 1 
2024-09-17 22:47:28 [fd:6] [INFO]	rm 1 
2024-09-17 22:47:29 [fd:6] [INFO]	ls 
2024-09-17 22:47:38 [fd:6] [INFO]	puts client 
2024-09-17 22:47:38 [fd:6] [INFO]	client exit
2024-09-17 22:52:38 [fd:6] [INFO]	client connect
2024-09-17 22:52:40 [fd:6] [INFO]	client login success
2024-09-17 22:52:41 [fd:6] [INFO]	ls 
2024-09-17 22:52:52 [fd:6] [INFO]	rm Makefile 
2024-09-17 22:52:53 [fd:6] [INFO]	ls 
2024-09-17 22:53:03 [fd:6] [INFO]	cd .. 
2024-09-17 22:53:04 [fd:6] [INFO]	ls 
2024-09-17 22:53:06 [fd:6] [INFO]	cd .. 
2024-09-17 22:53:07 [fd:6] [INFO]	ls 
2024-09-17 22:53:09 [fd:6] [INFO]	rm test 
2024-09-17 22:53:16 [fd:6] [INFO]	mkdir test 
2024-09-17 22:53:17 [fd:6] [INFO]	cd test 
2024-09-17 22:53:18 [fd:6] [INFO]	ls 
2024-09-17 22:53:26 [fd:6] [INFO]	puts Makefile 
2024-09-17 22:53:27 [fd:6] [INFO]	ls 
2024-09-17 22:54:36 [fd:6] [INFO]	client connect
2024-09-17 22:54:38 [fd:6] [INFO]	client login success
2024-09-17 22:54:39 [fd:6] [INFO]	ls 
2024-09-17 22:54:41 [fd:6] [INFO]	cd .. 
2024-09-17 22:54:42 [fd:6] [INFO]	cd .. 
2024-09-17 22:54:43 [fd:6] [INFO]	ls 
2024-09-17 22:54:45 [fd:6] [INFO]	cd test 
2024-09-17 22:54:46 [fd:6] [INFO]	ls 
2024-09-17 22:54:52 [fd:6] [INFO]	rm Makefile 
2024-09-17 22:54:53 [fd:6] [INFO]	ls 
2024-09-17 22:54:59 [fd:6] [INFO]	puts Makefile 
2024-09-17 22:56:15 [fd:6] [INFO]	client connect
2024-09-17 22:56:17 [fd:6] [INFO]	client login success
2024-09-17 22:56:18 [fd:6] [INFO]	ls 
2024-09-17 22:56:19 [fd:6] [INFO]	cd .. 
2024-09-17 22:56:20 [fd:6] [INFO]	ls 
2024-09-17 22:56:21 [fd:6] [INFO]	cd .. 
2024-09-17 22:56:23 [fd:6] [INFO]	cd test 
2024-09-17 22:56:24 [fd:6] [INFO]	ls 
2024-09-17 22:56:31 [fd:6] [INFO]	rm Makefile 
2024-09-17 22:56:35 [fd:6] [INFO]	puts 
2024-09-17 22:56:35 [fd:6] [INFO]	client exit
2024-09-17 22:58:24 [fd:6] [INFO]	client connect
2024-09-17 22:58:27 [fd:6] [INFO]	client login success
2024-09-17 22:58:29 [fd:6] [INFO]	cd .. 
2024-09-17 22:58:32 [fd:6] [INFO]	cd ../test 
2024-09-17 22:58:33 [fd:6] [INFO]	ls 
2024-09-17 22:58:38 [fd:6] [INFO]	puts file 
2024-09-17 22:58:59 [fd:6] [ERROR]	client erupt
2024-09-17 23:04:06 [fd:6] [INFO]	client connect
2024-09-17 23:04:09 [fd:6] [INFO]	client login success
2024-09-17 23:04:10 [fd:6] [INFO]	ls 
2024-09-17 23:04:13 [fd:6] [INFO]	cd .. 
2024-09-17 23:04:16 [fd:6] [INFO]	cd ../test 
2024-09-17 23:04:17 [fd:6] [INFO]	ls 
2024-09-17 23:04:25 [fd:6] [INFO]	rm file 
2024-09-17 23:04:28 [fd:6] [INFO]	puts file 
2024-09-17 23:06:33 [fd:6] [INFO]	client connect
2024-09-17 23:06:36 [fd:6] [INFO]	client login success
2024-09-17 23:06:41 [fd:6] [INFO]	cd ../../	 
2024-09-17 23:06:42 [fd:6] [INFO]	ls 
2024-09-17 23:06:44 [fd:6] [INFO]	cd .. 
2024-09-17 23:06:44 [fd:6] [INFO]	ls 
2024-09-17 23:06:47 [fd:6] [INFO]	cd .. 
2024-09-17 23:06:47 [fd:6] [INFO]	ls 
2024-09-17 23:06:53 [fd:6] [INFO]	cd resource 
2024-09-17 23:06:54 [fd:6] [INFO]	ls 
2024-09-17 23:06:58 [fd:6] [INFO]	gets file 
2024-09-17 23:07:01 [fd:6] [INFO]	client exit
2024-09-17 23:13:08 [fd:6] [INFO]	client connect
2024-09-17 23:13:10 [fd:6] [INFO]	client login success
2024-09-17 23:13:13 [fd:6] [INFO]	ls 
2024-09-17 23:13:17 [fd:6] [INFO]	puts tmp 
2024-09-17 23:16:31 [fd:6] [INFO]	client connect
2024-09-17 23:16:33 [fd:6] [INFO]	client login success
2024-09-17 23:16:35 [fd:6] [INFO]	ls 
2024-09-17 23:16:40 [fd:6] [INFO]	puts tmp 
2024-09-17 23:16:50 [fd:6] [INFO]	client exit
2024-09-17 23:20:36 [fd:6] [INFO]	client connect
2024-09-17 23:20:38 [fd:6] [INFO]	client login success
2024-09-17 23:20:40 [fd:6] [INFO]	ls 
2024-09-17 23:20:43 [fd:6] [INFO]	puts tmp 
2024-09-17 23:26:33 [fd:6] [INFO]	client connect
2024-09-17 23:26:35 [fd:6] [INFO]	client login success
2024-09-17 23:26:37 [fd:6] [INFO]	ls 
2024-09-17 23:26:43 [fd:6] [INFO]	puts tmp 
2024-09-17 23:31:31 [fd:6] [INFO]	client connect
2024-09-17 23:31:34 [fd:6] [INFO]	client login success
2024-09-17 23:31:37 [fd:6] [INFO]	cd .. 
2024-09-17 23:31:38 [fd:6] [INFO]	cd .. 
2024-09-17 23:31:41 [fd:6] [INFO]	cd resource 
2024-09-17 23:31:42 [fd:6] [INFO]	ls 
2024-09-17 23:31:45 [fd:6] [INFO]	gets file 
2024-09-17 23:31:50 [fd:6] [INFO]	cd .. 
2024-09-17 23:31:51 [fd:6] [INFO]	ls 
2024-09-17 23:31:58 [fd:6] [INFO]	cd test 
2024-09-17 23:31:58 [fd:6] [INFO]	ls 
2024-09-17 23:32:04 [fd:6] [INFO]	rm file 
2024-09-17 23:32:05 [fd:6] [INFO]	ls 
2024-09-17 23:32:08 [fd:6] [INFO]	puts tmp 
2024-09-17 23:32:21 [fd:6] [INFO]	puts file 
2024-09-17 23:32:37 [fd:6] [INFO]	client exit
2024-09-17 23:34:44 [fd:6] [INFO]	client connect
2024-09-17 23:34:47 [fd:6] [INFO]	client login success
2024-09-17 23:34:50 [fd:6] [INFO]	cd ../../test 
2024-09-17 23:34:52 [fd:6] [INFO]	ls 
2024-09-17 23:34:55 [fd:6] [INFO]	puts file 
2024-09-17 23:38:07 [fd:6] [INFO]	client connect
2024-09-17 23:38:10 [fd:6] [INFO]	client login success
2024-09-17 23:38:12 [fd:6] [INFO]	ls 
2024-09-17 23:38:17 [fd:6] [INFO]	cd ../../test 
2024-09-17 23:38:17 [fd:6] [INFO]	ls 
2024-09-17 23:38:20 [fd:6] [INFO]	puts file 
2024-09-17 23:42:13 [fd:6] [INFO]	client connect
2024-09-17 23:42:16 [fd:6] [INFO]	client login success
2024-09-17 23:42:22 [fd:6] [INFO]	cd ../../test 
2024-09-17 23:42:23 [fd:6] [INFO]	ls 
2024-09-17 23:42:27 [fd:6] [INFO]	rm file 
2024-09-17 23:42:28 [fd:6] [INFO]	ls 
2024-09-17 23:42:32 [fd:6] [INFO]	puts tmp 
2024-09-17 23:42:44 [fd:6] [INFO]	ls 
2024-09-17 23:42:46 [fd:6] [INFO]	puts file 
2024-09-17 23:42:53 [fd:6] [INFO]	ls 
2024-09-17 23:42:58 [fd:6] [INFO]	puts file 
2024-09-17 23:43:07 [fd:6] [INFO]	client exit
2024-09-17 23:53:56 [fd:6] [INFO]	client connect
2024-09-17 23:54:00 [fd:6] [INFO]	client login success
2024-09-17 23:54:05 [fd:6] [INFO]	cd ../../test 
2024-09-17 23:54:07 [fd:6] [INFO]	ls 
2024-09-17 23:54:11 [fd:6] [INFO]	gets file 
2024-09-17 23:54:39 [fd:6] [INFO]	client exit
2024-09-18 00:01:52 [fd:6] [INFO]	client connect
2024-09-18 00:01:54 [fd:6] [INFO]	client login success
2024-09-18 00:01:59 [fd:6] [INFO]	ls 
2024-09-18 00:02:04 [fd:6] [INFO]	pwd 
2024-09-18 00:02:06 [fd:6] [INFO]	cd .. 
2024-09-18 00:02:07 [fd:6] [INFO]	ls 
2024-09-18 00:02:09 [fd:6] [INFO]	cd .. 
2024-09-18 00:02:10 [fd:6] [INFO]	cd test 
2024-09-18 00:02:11 [fd:6] [INFO]	ls 
2024-09-18 00:02:16 [fd:6] [INFO]	gets tmp 
2024-09-18 00:02:24 [fd:6] [INFO]	gets tmp 
2024-09-18 00:02:35 [fd:6] [INFO]	gets file 
2024-09-18 00:02:38 [fd:6] [INFO]	ls 
2024-09-18 00:02:47 [fd:6] [INFO]	gets file 
2024-09-18 00:03:06 [fd:6] [INFO]	client exit
2024-09-18 00:08:02 [fd:6] [INFO]	client connect
2024-09-18 00:08:04 [fd:6] [INFO]	client login success
2024-09-18 00:08:07 [fd:6] [INFO]	cd ../../ 
2024-09-18 00:08:11 [fd:6] [INFO]	cd test 
2024-09-18 00:08:13 [fd:6] [INFO]	ls 
2024-09-18 00:08:16 [fd:6] [INFO]	gets file 
2024-09-18 00:08:26 [fd:6] [INFO]	client exit
2024-09-18 10:10:53 [fd:6] [INFO]	client connect
2024-09-18 10:10:56 [fd:6] [INFO]	client login success
2024-09-18 10:10:58 [fd:6] [INFO]	ls 
2024-09-18 10:11:12 [fd:6] [INFO]	cd .. 
2024-09-18 10:11:12 [fd:6] [INFO]	ls 
2024-09-18 10:11:14 [fd:6] [INFO]	cd .. 
2024-09-18 10:11:15 [fd:6] [INFO]	ls 
2024-09-18 10:11:18 [fd:6] [INFO]	cd test 
2024-09-18 10:11:18 [fd:6] [INFO]	ls 
2024-09-18 10:11:19 [fd:6] [INFO]	pwd 
2024-09-18 10:11:20 [fd:6] [INFO]	ls 
2024-09-18 10:11:24 [fd:6] [INFO]	mkdir 111 
2024-09-18 10:11:25 [fd:6] [INFO]	ls 
2024-09-18 10:11:27 [fd:6] [INFO]	rm 111 
2024-09-18 10:11:28 [fd:6] [INFO]	ls 
2024-09-18 10:11:33 [fd:6] [INFO]	client exit
2024-09-20 11:24:09 [fd:6] [INFO]	client connect
2024-09-20 11:24:28 [fd:6] [INFO]	client login success
2024-09-20 11:24:32 [fd:6] [INFO]	ls 
2024-09-20 11:24:35 [fd:6] [INFO]	cd .. 
2024-09-20 11:24:42 [fd:6] [INFO]	client exit
2024-09-30 16:27:03 [fd:6] [INFO]	client connect
2024-09-30 16:29:27 [fd:6] [INFO]	client connect
2024-09-30 16:31:08 [fd:6] [INFO]	client connect
2024-09-30 16:31:43 [fd:6] [INFO]	client connect
2024-09-30 16:31:49 [fd:6] [INFO]	client exit
2024-09-30 16:40:53 [fd:6] [INFO]	client connect
2024-09-30 17:07:48 [fd:6] [INFO]	client connect
2024-09-30 17:09:12 [fd:6] [INFO]	client connect
2024-09-30 17:10:13 [fd:6] [INFO]	client connect
2024-09-30 17:11:44 [fd:6] [INFO]	client connect
2024-09-30 17:11:46 [fd:6] [ERROR]	client login failed
2024-09-30 17:16:10 [fd:6] [INFO]	client connect
2024-09-30 17:16:13 [fd:6] [ERROR]	client login failed
2024-09-30 17:16:23 [fd:6] [INFO]	client register success
2024-09-30 17:18:11 [fd:6] [INFO]	client connect
2024-09-30 17:18:14 [fd:6] [ERROR]	client login failed
2024-09-30 17:29:44 [fd:6] [INFO]	client register success
2024-09-30 17:31:49 [fd:6] [INFO]	client connect
2024-09-30 17:31:56 [fd:6] [INFO]	client register success
2024-09-30 17:32:56 [fd:6] [INFO]	client connect
2024-09-30 17:32:59 [fd:6] [INFO]	client register success
2024-09-30 17:33:27 [fd:6] [INFO]	client connect
2024-09-30 17:33:29 [fd:6] [ERROR]	client register failed
2024-09-30 17:52:39 [fd:6] [INFO]	client connect
2024-09-30 17:52:42 [fd:6] [ERROR]	client register failed
2024-09-30 17:56:20 [fd:6] [INFO]	client connect
2024-09-30 17:56:25 [fd:6] [ERROR]	client register failed
2024-09-30 17:58:57 [fd:6] [INFO]	client connect
2024-09-30 17:59:00 [fd:6] [ERROR]	client register failed
2024-09-30 18:00:41 [fd:6] [INFO]	client connect
2024-09-30 18:00:44 [fd:6] [ERROR]	client register failed
2024-09-30 18:01:39 [fd:6] [INFO]	client connect
2024-09-30 18:01:41 [fd:6] [ERROR]	client register failed
2024-09-30 18:05:13 [fd:6] [INFO]	client connect
2024-09-30 18:05:15 [fd:6] [ERROR]	client register failed
2024-09-30 18:06:19 [fd:6] [ERROR]	client login failed
2024-09-30 18:06:33 [fd:6] [ERROR]	client login failed
2024-09-30 18:07:50 [fd:6] [INFO]	client connect
2024-09-30 18:07:54 [fd:6] [ERROR]	client login failed
2024-09-30 18:08:26 [fd:6] [INFO]	client connect
2024-09-30 18:08:28 [fd:6] [ERROR]	client login failed
2024-09-30 18:11:47 [fd:6] [INFO]	client connect
2024-09-30 18:11:50 [fd:6] [ERROR]	client login failed
2024-09-30 18:14:35 [fd:6] [INFO]	client connect
2024-09-30 18:14:40 [fd:6] [ERROR]	client login failed
2024-09-30 18:14:41 [fd:6] [INFO]	client exit
2024-09-30 18:14:42 [fd:6] [INFO]	client connect
2024-09-30 18:15:03 [fd:6] [ERROR]	client login failed
2024-09-30 18:15:12 [fd:6] [INFO]	client exit
2024-09-30 18:19:13 [fd:6] [INFO]	client connect
2024-09-30 18:19:16 [fd:6] [ERROR]	client login failed
2024-09-30 18:22:12 [fd:6] [INFO]	client connect
2024-09-30 18:22:14 [fd:6] [INFO]	client login success
2024-09-30 18:23:58 [fd:6] [INFO]	client connect
2024-09-30 18:24:10 [fd:6] [INFO]	client login success
2024-09-30 18:49:30 [fd:6] [INFO]	client exit
2024-09-30 18:49:34 [fd:6] [INFO]	client connect
2024-09-30 18:49:39 [fd:6] [ERROR]	client login failed
2024-09-30 18:49:45 [fd:6] [INFO]	client exit
2024-09-30 18:50:05 [fd:6] [INFO]	client connect
2024-09-30 18:50:22 [fd:6] [ERROR]	client login failed
2024-09-30 18:50:25 [fd:6] [ERROR]	client login failed
2024-09-30 18:50:27 [fd:6] [INFO]	client exit
2024-09-30 18:51:29 [fd:6] [INFO]	client connect
2024-09-30 18:51:38 [fd:6] [INFO]	client login success
2024-09-30 18:51:44 [fd:6] [INFO]	client exit
2024-09-30 18:52:27 [fd:6] [INFO]	client connect
2024-09-30 18:52:39 [fd:6] [ERROR]	client register failed
2024-09-30 18:52:47 [fd:6] [INFO]	client login success
2024-09-30 18:52:50 [fd:6] [INFO]	client exit
2024-09-30 19:13:27 [fd:6] [INFO]	client connect
2024-09-30 19:13:34 [fd:6] [ERROR]	client register failed
2024-09-30 19:13:39 [fd:6] [INFO]	client login success
2024-09-30 19:13:53 [fd:6] [INFO]	client exit
2024-09-30 19:15:21 [fd:6] [INFO]	client connect
2024-09-30 19:15:24 [fd:6] [INFO]	client register success
2024-09-30 19:27:15 [fd:6] [INFO]	client exit
